TN:
SF:server.js
FN:11,parseFlexibleFloat
FN:40,parseFlexibleInt
FN:57,origin
FNF:3
FNH:1
FNDA:0,parseFlexibleFloat
FNDA:0,parseFlexibleInt
FNDA:9,origin
DA:1,1
DA:2,1
DA:3,1
DA:4,1
DA:5,1
DA:6,1
DA:7,1
DA:8,1
DA:9,1
DA:10,1
DA:11,1
DA:12,0
DA:13,0
DA:14,0
DA:15,0
DA:16,0
DA:17,0
DA:18,0
DA:19,0
DA:20,0
DA:21,0
DA:22,0
DA:23,0
DA:24,0
DA:25,0
DA:26,0
DA:27,0
DA:28,0
DA:29,0
DA:30,0
DA:31,0
DA:32,0
DA:33,0
DA:34,0
DA:35,0
DA:36,0
DA:37,0
DA:38,0
DA:39,1
DA:40,1
DA:41,0
DA:42,0
DA:43,0
DA:44,0
DA:45,0
DA:46,1
DA:47,1
DA:48,1
DA:49,9
DA:50,9
DA:51,9
DA:52,1
DA:53,1
DA:54,1
DA:55,1
DA:56,1
DA:57,1
DA:58,9
DA:59,9
DA:60,9
DA:61,0
DA:62,0
DA:63,0
DA:64,1
DA:65,1
DA:66,1
DA:67,1
DA:68,1
DA:69,1
DA:70,1
DA:71,1
DA:72,1
DA:73,1
DA:74,1
DA:75,1
DA:76,1
DA:77,1
DA:78,1
DA:79,1
DA:80,1
DA:81,1
DA:82,1
DA:83,1
DA:84,1
DA:85,1
DA:86,1
DA:87,1
DA:88,1
DA:89,1
DA:90,1
DA:91,1
DA:92,1
DA:93,1
DA:94,1
DA:95,1
DA:96,1
DA:97,1
DA:98,1
DA:99,1
DA:100,1
DA:101,1
DA:102,1
DA:103,0
DA:104,0
DA:105,0
DA:106,1
DA:107,1
DA:108,1
DA:109,1
DA:110,1
DA:111,1
DA:112,1
DA:113,1
DA:114,1
DA:115,1
DA:116,1
DA:117,0
DA:118,0
DA:119,0
DA:120,1
DA:121,1
DA:122,1
DA:123,1
DA:124,2
DA:125,2
DA:126,2
DA:127,2
DA:128,2
DA:129,2
DA:130,2
DA:131,2
DA:132,2
DA:133,2
DA:134,2
DA:135,1
DA:136,1
DA:137,1
DA:138,1
DA:139,2
DA:140,0
DA:141,0
DA:142,0
DA:143,1
DA:144,1
DA:145,1
DA:146,1
DA:147,1
DA:148,1
DA:149,1
DA:150,1
DA:151,1
DA:152,0
DA:153,0
DA:154,0
DA:155,1
DA:156,1
DA:157,1
DA:158,1
DA:159,2
DA:160,2
DA:161,2
DA:162,2
DA:163,2
DA:164,2
DA:165,2
DA:166,2
DA:167,2
DA:168,2
DA:169,2
DA:170,2
DA:171,2
DA:172,2
DA:173,2
DA:174,2
DA:175,2
DA:176,2
DA:177,0
DA:178,0
DA:179,2
DA:180,2
DA:181,2
DA:182,2
DA:183,2
DA:184,2
DA:185,2
DA:186,2
DA:187,2
DA:188,2
DA:189,2
DA:190,2
DA:191,2
DA:192,2
DA:193,2
DA:194,2
DA:195,2
DA:196,2
DA:197,2
DA:198,2
DA:199,2
DA:200,2
DA:201,2
DA:202,2
DA:203,2
DA:204,0
DA:205,0
DA:206,0
DA:207,0
DA:208,0
DA:209,0
DA:210,0
DA:211,0
DA:212,2
DA:213,2
DA:214,0
DA:215,0
DA:216,0
DA:217,0
DA:218,0
DA:219,0
DA:220,0
DA:221,0
DA:222,2
DA:223,2
DA:224,0
DA:225,0
DA:226,0
DA:227,0
DA:228,0
DA:229,0
DA:230,0
DA:231,0
DA:232,2
DA:233,2
DA:234,2
DA:235,2
DA:236,2
DA:237,2
DA:238,2
DA:239,2
DA:240,2
DA:241,2
DA:242,2
DA:243,2
DA:244,2
DA:245,2
DA:246,2
DA:247,2
DA:248,2
DA:249,2
DA:250,2
DA:251,2
DA:252,2
DA:253,2
DA:254,2
DA:255,2
DA:256,2
DA:257,2
DA:258,2
DA:259,1
DA:260,1
DA:261,2
DA:262,2
DA:263,2
DA:264,2
DA:265,2
DA:266,2
DA:267,2
DA:268,2
DA:269,2
DA:270,2
DA:271,1
DA:272,1
DA:273,1
DA:274,1
DA:275,1
DA:276,1
DA:277,2
DA:278,2
DA:279,2
DA:280,2
DA:281,2
DA:282,2
DA:283,2
DA:284,2
DA:285,2
DA:286,2
DA:287,2
DA:288,2
DA:289,0
DA:290,0
DA:291,0
DA:292,1
DA:293,1
DA:294,1
DA:295,1
DA:296,2
DA:297,2
DA:298,2
DA:299,2
DA:300,2
DA:301,2
DA:302,2
DA:303,2
DA:304,2
DA:305,2
DA:306,2
DA:307,1
DA:308,1
DA:309,1
DA:310,1
DA:311,1
DA:312,1
DA:313,1
DA:314,1
DA:315,1
DA:316,2
DA:317,2
DA:318,1
DA:319,1
DA:320,1
DA:321,1
DA:322,1
DA:323,1
DA:324,1
DA:325,1
DA:326,1
DA:327,1
DA:328,1
DA:329,1
DA:330,1
DA:331,1
DA:332,1
DA:333,1
DA:334,2
DA:335,0
DA:336,0
DA:337,0
DA:338,1
DA:339,1
DA:340,1
DA:341,1
DA:342,0
DA:343,0
DA:344,0
DA:345,0
DA:346,0
DA:347,0
DA:348,0
DA:349,0
DA:350,0
DA:351,0
DA:352,0
DA:353,0
DA:354,0
DA:355,0
DA:356,0
DA:357,0
DA:358,1
DA:359,1
DA:360,1
DA:361,1
DA:362,0
DA:363,0
DA:364,0
DA:365,0
DA:366,1
DA:367,1
LF:367
LH:268
BRDA:361,0,0,0
BRDA:48,1,0,9
BRDA:57,2,0,9
BRDA:60,3,0,0
BRDA:78,4,0,1
BRDA:95,5,0,0
BRDA:102,6,0,0
BRDA:109,7,0,1
BRDA:116,8,0,0
BRDA:123,9,0,2
BRDA:134,10,0,1
BRDA:139,11,0,0
BRDA:146,12,0,1
BRDA:151,13,0,0
BRDA:158,14,0,2
BRDA:176,15,0,0
BRDA:185,16,0,1
BRDA:186,17,0,1
BRDA:187,18,0,0
BRDA:188,19,0,0
BRDA:189,20,0,0
BRDA:192,21,0,0
BRDA:193,22,0,0
BRDA:194,23,0,0
BRDA:195,24,0,0
BRDA:198,25,0,0
BRDA:199,26,0,0
BRDA:200,27,0,0
BRDA:203,28,0,0
BRDA:213,29,0,0
BRDA:223,30,0,0
BRDA:234,31,0,0
BRDA:235,32,0,0
BRDA:236,33,0,0
BRDA:239,34,0,0
BRDA:240,35,0,0
BRDA:241,36,0,0
BRDA:242,37,0,0
BRDA:243,38,0,0
BRDA:244,39,0,0
BRDA:258,40,0,1
BRDA:258,41,0,1
BRDA:288,42,0,0
BRDA:260,43,0,2
BRDA:262,44,0,0
BRDA:266,45,0,0
BRDA:295,46,0,2
BRDA:306,47,0,1
BRDA:334,48,0,0
BRDA:315,49,0,2
BRF:50
BRH:16
end_of_record
TN:
SF:utils/correcao.js
FN:8,parseGabarito
FN:24,findSubjectForQuestion
FN:34,corrigirProva
FN:121,calculateOverallPerformance
FN:127,calculatedResults.reduce.acertos
FNF:5
FNH:5
FNDA:14,parseGabarito
FNDA:30,findSubjectForQuestion
FNDA:5,corrigirProva
FNDA:4,calculateOverallPerformance
FNDA:7,calculatedResults.reduce.acertos
DA:1,1
DA:2,1
DA:3,1
DA:4,1
DA:5,1
DA:6,1
DA:7,1
DA:8,14
DA:9,14
DA:10,12
DA:11,12
DA:12,12
DA:13,12
DA:14,12
DA:15,12
DA:16,12
DA:17,1
DA:18,1
DA:19,1
DA:20,1
DA:21,1
DA:22,1
DA:23,1
DA:24,1
DA:25,30
DA:26,30
DA:27,30
DA:28,1
DA:29,1
DA:30,1
DA:31,1
DA:32,1
DA:33,1
DA:34,5
DA:35,5
DA:36,5
DA:37,5
DA:38,5
DA:39,5
DA:40,5
DA:41,5
DA:42,5
DA:43,5
DA:44,5
DA:45,5
DA:46,5
DA:47,0
DA:48,0
DA:49,0
DA:50,0
DA:51,0
DA:52,0
DA:53,0
DA:54,0
DA:55,0
DA:56,0
DA:57,0
DA:58,0
DA:59,0
DA:60,5
DA:61,5
DA:62,5
DA:63,5
DA:64,5
DA:65,5
DA:66,10
DA:67,10
DA:68,10
DA:69,10
DA:70,10
DA:71,10
DA:72,10
DA:73,10
DA:74,5
DA:75,5
DA:76,5
DA:77,5
DA:78,30
DA:79,30
DA:80,30
DA:81,30
DA:82,30
DA:83,30
DA:84,30
DA:85,30
DA:86,30
DA:87,30
DA:88,30
DA:89,30
DA:90,30
DA:91,30
DA:92,30
DA:93,30
DA:94,3
DA:95,3
DA:96,3
DA:97,30
DA:98,27
DA:99,27
DA:100,2
DA:101,27
DA:102,13
DA:103,25
DA:104,12
DA:105,12
DA:106,27
DA:107,30
DA:108,5
DA:109,5
DA:110,5
DA:111,5
DA:112,5
DA:113,5
DA:114,1
DA:115,1
DA:116,1
DA:117,1
DA:118,1
DA:119,1
DA:120,1
DA:121,4
DA:122,4
DA:123,0
DA:124,0
DA:125,4
DA:126,4
DA:127,4
DA:128,7
DA:129,7
DA:130,7
DA:131,7
DA:132,7
DA:133,4
DA:134,4
DA:135,4
DA:136,4
DA:137,4
DA:138,4
DA:139,4
DA:140,4
DA:141,4
DA:142,4
DA:143,4
DA:144,4
DA:145,4
DA:146,4
DA:147,4
DA:148,4
DA:149,4
DA:150,1
DA:151,1
LF:151
LH:136
BRDA:8,0,0,14
BRDA:9,1,0,12
BRDA:9,2,0,2
BRDA:9,3,0,12
BRDA:12,4,0,66
BRDA:13,5,0,66
BRDA:13,6,0,65
BRDA:13,7,0,65
BRDA:13,8,0,63
BRDA:24,9,0,30
BRDA:26,10,0,0
BRDA:25,11,0,43
BRDA:34,12,0,5
BRDA:44,13,0,1
BRDA:46,14,0,0
BRDA:77,15,0,30
BRDA:81,16,0,0
BRDA:87,17,0,0
BRDA:88,18,0,29
BRDA:88,19,0,28
BRDA:90,20,0,28
BRDA:91,21,0,28
BRDA:93,22,0,3
BRDA:97,23,0,27
BRDA:99,24,0,2
BRDA:101,25,0,25
BRDA:101,26,0,13
BRDA:103,27,0,12
BRDA:65,28,0,10
BRDA:121,29,0,4
BRDA:122,30,0,0
BRDA:142,31,0,0
BRDA:127,32,0,7
BRF:33
BRH:27
end_of_record
TN:
SF:utils/regrasAnulacao.js
FN:76,aplicarRegraAnulacao
FN:154,formatarNotaCorte
FN:170,obterConfiguracaoPadraoBanca
FN:179,gerarSugestoesBanca
FNF:4
FNH:1
FNDA:4,aplicarRegraAnulacao
FNDA:0,formatarNotaCorte
FNDA:0,obterConfiguracaoPadraoBanca
FNDA:0,gerarSugestoesBanca
DA:1,1
DA:2,1
DA:3,1
DA:4,1
DA:5,1
DA:6,1
DA:7,1
DA:8,1
DA:9,1
DA:10,1
DA:11,1
DA:12,1
DA:13,1
DA:14,1
DA:15,1
DA:16,1
DA:17,1
DA:18,1
DA:19,1
DA:20,1
DA:21,1
DA:22,1
DA:23,1
DA:24,1
DA:25,1
DA:26,1
DA:27,1
DA:28,1
DA:29,1
DA:30,1
DA:31,1
DA:32,1
DA:33,1
DA:34,1
DA:35,1
DA:36,1
DA:37,1
DA:38,1
DA:39,1
DA:40,1
DA:41,1
DA:42,1
DA:43,1
DA:44,1
DA:45,1
DA:46,1
DA:47,1
DA:48,1
DA:49,1
DA:50,1
DA:51,1
DA:52,1
DA:53,1
DA:54,1
DA:55,1
DA:56,1
DA:57,1
DA:58,1
DA:59,1
DA:60,1
DA:61,1
DA:62,1
DA:63,1
DA:64,1
DA:65,1
DA:66,1
DA:67,1
DA:68,1
DA:69,1
DA:70,1
DA:71,1
DA:72,1
DA:73,1
DA:74,1
DA:75,1
DA:76,4
DA:77,4
DA:78,4
DA:79,4
DA:80,4
DA:81,4
DA:82,4
DA:83,4
DA:84,4
DA:85,4
DA:86,4
DA:87,4
DA:88,4
DA:89,0
DA:90,0
DA:91,0
DA:92,0
DA:93,0
DA:94,0
DA:95,0
DA:96,0
DA:97,0
DA:98,0
DA:99,0
DA:100,0
DA:101,0
DA:102,0
DA:103,4
DA:104,4
DA:105,0
DA:106,0
DA:107,0
DA:108,0
DA:109,0
DA:110,0
DA:111,0
DA:112,0
DA:113,0
DA:114,0
DA:115,0
DA:116,4
DA:117,4
DA:118,0
DA:119,0
DA:120,0
DA:121,0
DA:122,0
DA:123,0
DA:124,0
DA:125,0
DA:126,0
DA:127,0
DA:128,0
DA:129,4
DA:130,4
DA:131,4
DA:132,4
DA:133,4
DA:134,2
DA:135,2
DA:136,2
DA:137,2
DA:138,4
DA:139,4
DA:140,4
DA:141,4
DA:142,4
DA:143,4
DA:144,4
DA:145,4
DA:146,4
DA:147,1
DA:148,1
DA:149,1
DA:150,1
DA:151,1
DA:152,1
DA:153,1
DA:154,0
DA:155,0
DA:156,0
DA:157,0
DA:158,0
DA:159,0
DA:160,0
DA:161,0
DA:162,0
DA:163,0
DA:164,1
DA:165,1
DA:166,1
DA:167,1
DA:168,1
DA:169,1
DA:170,0
DA:171,0
DA:172,0
DA:173,1
DA:174,1
DA:175,1
DA:176,1
DA:177,1
DA:178,1
DA:179,0
DA:180,0
DA:181,0
DA:182,0
DA:183,0
DA:184,0
DA:185,0
DA:186,0
DA:187,0
DA:188,0
DA:189,0
DA:190,0
DA:191,0
DA:192,0
DA:193,0
DA:194,0
DA:195,0
DA:196,0
DA:197,0
DA:198,0
DA:199,0
DA:200,0
DA:201,0
DA:202,0
DA:203,0
DA:204,0
DA:205,0
DA:206,0
DA:207,0
DA:208,1
DA:209,1
DA:210,1
DA:211,1
DA:212,1
DA:213,1
DA:214,1
DA:215,1
DA:216,1
LF:216
LH:138
BRDA:76,0,0,4
BRDA:77,1,0,3
BRDA:78,2,0,3
BRDA:88,3,0,0
BRDA:104,4,0,0
BRDA:117,5,0,0
BRDA:133,6,0,2
BRF:7
BRH:4
end_of_record
